<?xml version="1.0" encoding="UTF-8"?>
<testng-results ignored="0" total="1" passed="1" failed="0" skipped="0">
  <reporter-output>
  </reporter-output>
  <suite started-at="2024-06-22T12:31:26 IST" name="Default suite" finished-at="2024-06-22T12:31:30 IST" duration-ms="3456">
    <groups>
    </groups>
    <test started-at="2024-06-22T12:31:26 IST" name="Default test" finished-at="2024-06-22T12:31:30 IST" duration-ms="3456">
      <class name="test.LoginTest">
        <test-method is-config="true" signature="openApplication()[pri:0, instance:test.LoginTest@619713e5]" started-at="2024-06-22T12:31:26 IST" name="openApplication" finished-at="2024-06-22T12:31:30 IST" duration-ms="3322" status="PASS">
          <reporter-output>
          </reporter-output>
        </test-method> <!-- openApplication -->
        <test-method signature="verifyUserIsAbleTologin()[pri:0, instance:test.LoginTest@619713e5]" started-at="2024-06-22T12:31:30 IST" name="verifyUserIsAbleTologin" finished-at="2024-06-22T12:31:30 IST" duration-ms="115" status="PASS">
          <reporter-output>
          </reporter-output>
        </test-method> <!-- verifyUserIsAbleTologin -->
      </class> <!-- test.LoginTest -->
    </test> <!-- Default test -->
  </suite> <!-- Default suite -->
</testng-results>
